{"D:\\myblogs\\index.js":{"path":"D:\\myblogs\\index.js","s":{"1":1,"2":1,"3":1,"4":1,"5":1,"6":1,"7":1,"8":1,"9":1,"10":1,"11":1,"12":1,"13":1,"14":1,"15":1,"16":1,"17":1,"18":1,"19":1,"20":0,"21":0,"22":0,"23":0,"24":1,"25":1,"26":1,"27":1,"28":0,"29":1,"30":1,"31":0,"32":0},"b":{"1":[1,0]},"f":{"1":0,"2":0,"3":0},"fnMap":{"1":{"name":"(anonymous_1)","line":51,"loc":{"start":{"line":51,"column":8},"end":{"line":51,"column":34}}},"2":{"name":"(anonymous_2)","line":88,"loc":{"start":{"line":88,"column":8},"end":{"line":88,"column":39}}},"3":{"name":"(anonymous_3)","line":98,"loc":{"start":{"line":98,"column":26},"end":{"line":98,"column":38}}}},"statementMap":{"1":{"start":{"line":1,"column":1},"end":{"line":1,"column":28}},"2":{"start":{"line":2,"column":0},"end":{"line":2,"column":33}},"3":{"start":{"line":3,"column":0},"end":{"line":3,"column":41}},"4":{"start":{"line":4,"column":0},"end":{"line":4,"column":51}},"5":{"start":{"line":5,"column":0},"end":{"line":5,"column":37}},"6":{"start":{"line":6,"column":0},"end":{"line":6,"column":47}},"7":{"start":{"line":7,"column":0},"end":{"line":7,"column":33}},"8":{"start":{"line":8,"column":0},"end":{"line":8,"column":31}},"9":{"start":{"line":9,"column":0},"end":{"line":9,"column":33}},"10":{"start":{"line":10,"column":0},"end":{"line":10,"column":48}},"11":{"start":{"line":12,"column":0},"end":{"line":12,"column":20}},"12":{"start":{"line":15,"column":0},"end":{"line":15,"column":48}},"13":{"start":{"line":17,"column":0},"end":{"line":17,"column":30}},"14":{"start":{"line":20,"column":0},"end":{"line":20,"column":56}},"15":{"start":{"line":22,"column":0},"end":{"line":33,"column":4}},"16":{"start":{"line":35,"column":0},"end":{"line":35,"column":17}},"17":{"start":{"line":38,"column":0},"end":{"line":41,"column":4}},"18":{"start":{"line":45,"column":0},"end":{"line":48,"column":2}},"19":{"start":{"line":51,"column":0},"end":{"line":56,"column":3}},"20":{"start":{"line":52,"column":2},"end":{"line":52,"column":37}},"21":{"start":{"line":53,"column":2},"end":{"line":53,"column":55}},"22":{"start":{"line":54,"column":2},"end":{"line":54,"column":51}},"23":{"start":{"line":55,"column":2},"end":{"line":55,"column":9}},"24":{"start":{"line":59,"column":0},"end":{"line":69,"column":4}},"25":{"start":{"line":71,"column":0},"end":{"line":71,"column":12}},"26":{"start":{"line":73,"column":0},"end":{"line":83,"column":4}},"27":{"start":{"line":88,"column":0},"end":{"line":92,"column":3}},"28":{"start":{"line":89,"column":2},"end":{"line":91,"column":5}},"29":{"start":{"line":94,"column":0},"end":{"line":101,"column":1}},"30":{"start":{"line":95,"column":2},"end":{"line":95,"column":23}},"31":{"start":{"line":98,"column":2},"end":{"line":100,"column":5}},"32":{"start":{"line":99,"column":4},"end":{"line":99,"column":64}}},"branchMap":{"1":{"line":94,"type":"if","locations":[{"start":{"line":94,"column":0},"end":{"line":94,"column":0}},{"start":{"line":94,"column":0},"end":{"line":94,"column":0}}]}}},"D:\\myblogs\\config\\default.js":{"path":"D:\\myblogs\\config\\default.js","s":{"1":1},"b":{},"f":{},"fnMap":{},"statementMap":{"1":{"start":{"line":2,"column":0},"end":{"line":10,"column":2}}},"branchMap":{}},"D:\\myblogs\\routes\\index.js":{"path":"D:\\myblogs\\routes\\index.js","s":{"1":1,"2":1,"3":0,"4":1,"5":1,"6":1,"7":1,"8":1,"9":0,"10":0},"b":{"1":[0,0]},"f":{"1":1,"2":0,"3":0},"fnMap":{"1":{"name":"(anonymous_1)","line":1,"loc":{"start":{"line":1,"column":18},"end":{"line":1,"column":33}}},"2":{"name":"(anonymous_2)","line":2,"loc":{"start":{"line":2,"column":15},"end":{"line":3,"column":2}}},"3":{"name":"(anonymous_3)","line":13,"loc":{"start":{"line":13,"column":10},"end":{"line":13,"column":30}}}},"statementMap":{"1":{"start":{"line":1,"column":1},"end":{"line":18,"column":2}},"2":{"start":{"line":2,"column":2},"end":{"line":5,"column":5}},"3":{"start":{"line":4,"column":4},"end":{"line":4,"column":27}},"4":{"start":{"line":9,"column":2},"end":{"line":9,"column":42}},"5":{"start":{"line":10,"column":2},"end":{"line":10,"column":42}},"6":{"start":{"line":11,"column":2},"end":{"line":11,"column":44}},"7":{"start":{"line":12,"column":2},"end":{"line":12,"column":40}},"8":{"start":{"line":13,"column":2},"end":{"line":17,"column":3}},"9":{"start":{"line":14,"column":2},"end":{"line":16,"column":3}},"10":{"start":{"line":15,"column":4},"end":{"line":15,"column":34}}},"branchMap":{"1":{"line":14,"type":"if","locations":[{"start":{"line":14,"column":2},"end":{"line":14,"column":2}},{"start":{"line":14,"column":2},"end":{"line":14,"column":2}}]}}},"D:\\myblogs\\routes\\signup.js":{"path":"D:\\myblogs\\routes\\signup.js","s":{"1":1,"2":1,"3":1,"4":1,"5":1,"6":1,"7":1,"8":1,"9":0,"10":1,"11":0,"12":0,"13":0,"14":0,"15":0,"16":0,"17":0,"18":0,"19":0,"20":0,"21":0,"22":0,"23":0,"24":0,"25":0,"26":0,"27":0,"28":0,"29":0,"30":0,"31":0,"32":0,"33":0,"34":0,"35":0,"36":0,"37":0,"38":0,"39":0,"40":0,"41":0,"42":0,"43":0,"44":0,"45":0,"46":1},"b":{"1":[0,0],"2":[0,0],"3":[0,0],"4":[0,0],"5":[0,0],"6":[0,0],"7":[0,0],"8":[0,0],"9":[0,0]},"f":{"1":0,"2":0,"3":0,"4":0},"fnMap":{"1":{"name":"(anonymous_1)","line":11,"loc":{"start":{"line":11,"column":31},"end":{"line":11,"column":56}}},"2":{"name":"(anonymous_2)","line":16,"loc":{"start":{"line":16,"column":32},"end":{"line":16,"column":57}}},"3":{"name":"(anonymous_3)","line":64,"loc":{"start":{"line":64,"column":10},"end":{"line":64,"column":28}}},"4":{"name":"(anonymous_4)","line":75,"loc":{"start":{"line":75,"column":11},"end":{"line":75,"column":24}}}},"statementMap":{"1":{"start":{"line":1,"column":1},"end":{"line":1,"column":24}},"2":{"start":{"line":2,"column":0},"end":{"line":2,"column":27}},"3":{"start":{"line":3,"column":0},"end":{"line":3,"column":27}},"4":{"start":{"line":4,"column":0},"end":{"line":4,"column":33}},"5":{"start":{"line":5,"column":0},"end":{"line":5,"column":30}},"6":{"start":{"line":7,"column":0},"end":{"line":7,"column":43}},"7":{"start":{"line":8,"column":0},"end":{"line":8,"column":66}},"8":{"start":{"line":11,"column":0},"end":{"line":13,"column":3}},"9":{"start":{"line":12,"column":2},"end":{"line":12,"column":23}},"10":{"start":{"line":16,"column":0},"end":{"line":85,"column":3}},"11":{"start":{"line":17,"column":2},"end":{"line":17,"column":29}},"12":{"start":{"line":18,"column":2},"end":{"line":18,"column":33}},"13":{"start":{"line":19,"column":2},"end":{"line":19,"column":27}},"14":{"start":{"line":20,"column":2},"end":{"line":20,"column":59}},"15":{"start":{"line":21,"column":2},"end":{"line":21,"column":37}},"16":{"start":{"line":22,"column":2},"end":{"line":22,"column":41}},"17":{"start":{"line":25,"column":2},"end":{"line":49,"column":3}},"18":{"start":{"line":26,"column":4},"end":{"line":28,"column":5}},"19":{"start":{"line":27,"column":6},"end":{"line":27,"column":41}},"20":{"start":{"line":29,"column":4},"end":{"line":31,"column":5}},"21":{"start":{"line":30,"column":6},"end":{"line":30,"column":39}},"22":{"start":{"line":32,"column":4},"end":{"line":34,"column":5}},"23":{"start":{"line":33,"column":6},"end":{"line":33,"column":43}},"24":{"start":{"line":35,"column":4},"end":{"line":37,"column":5}},"25":{"start":{"line":36,"column":6},"end":{"line":36,"column":30}},"26":{"start":{"line":38,"column":4},"end":{"line":40,"column":5}},"27":{"start":{"line":39,"column":6},"end":{"line":39,"column":36}},"28":{"start":{"line":41,"column":4},"end":{"line":43,"column":5}},"29":{"start":{"line":42,"column":6},"end":{"line":42,"column":35}},"30":{"start":{"line":46,"column":4},"end":{"line":46,"column":37}},"31":{"start":{"line":47,"column":4},"end":{"line":47,"column":34}},"32":{"start":{"line":48,"column":4},"end":{"line":48,"column":35}},"33":{"start":{"line":52,"column":2},"end":{"line":52,"column":28}},"34":{"start":{"line":55,"column":2},"end":{"line":61,"column":4}},"35":{"start":{"line":63,"column":2},"end":{"line":84,"column":7}},"36":{"start":{"line":66,"column":6},"end":{"line":66,"column":27}},"37":{"start":{"line":68,"column":6},"end":{"line":68,"column":27}},"38":{"start":{"line":69,"column":6},"end":{"line":69,"column":30}},"39":{"start":{"line":71,"column":6},"end":{"line":71,"column":35}},"40":{"start":{"line":73,"column":6},"end":{"line":73,"column":29}},"41":{"start":{"line":77,"column":6},"end":{"line":77,"column":39}},"42":{"start":{"line":79,"column":6},"end":{"line":82,"column":7}},"43":{"start":{"line":80,"column":8},"end":{"line":80,"column":38}},"44":{"start":{"line":81,"column":8},"end":{"line":81,"column":39}},"45":{"start":{"line":83,"column":6},"end":{"line":83,"column":14}},"46":{"start":{"line":87,"column":0},"end":{"line":87,"column":24}}},"branchMap":{"1":{"line":26,"type":"if","locations":[{"start":{"line":26,"column":4},"end":{"line":26,"column":4}},{"start":{"line":26,"column":4},"end":{"line":26,"column":4}}]},"2":{"line":26,"type":"binary-expr","locations":[{"start":{"line":26,"column":10},"end":{"line":26,"column":26}},{"start":{"line":26,"column":30},"end":{"line":26,"column":47}}]},"3":{"line":29,"type":"if","locations":[{"start":{"line":29,"column":4},"end":{"line":29,"column":4}},{"start":{"line":29,"column":4},"end":{"line":29,"column":4}}]},"4":{"line":32,"type":"if","locations":[{"start":{"line":32,"column":4},"end":{"line":32,"column":4}},{"start":{"line":32,"column":4},"end":{"line":32,"column":4}}]},"5":{"line":32,"type":"binary-expr","locations":[{"start":{"line":32,"column":10},"end":{"line":32,"column":25}},{"start":{"line":32,"column":29},"end":{"line":32,"column":45}}]},"6":{"line":35,"type":"if","locations":[{"start":{"line":35,"column":4},"end":{"line":35,"column":4}},{"start":{"line":35,"column":4},"end":{"line":35,"column":4}}]},"7":{"line":38,"type":"if","locations":[{"start":{"line":38,"column":4},"end":{"line":38,"column":4}},{"start":{"line":38,"column":4},"end":{"line":38,"column":4}}]},"8":{"line":41,"type":"if","locations":[{"start":{"line":41,"column":4},"end":{"line":41,"column":4}},{"start":{"line":41,"column":4},"end":{"line":41,"column":4}}]},"9":{"line":79,"type":"if","locations":[{"start":{"line":79,"column":6},"end":{"line":79,"column":6}},{"start":{"line":79,"column":6},"end":{"line":79,"column":6}}]}}},"D:\\myblogs\\models\\users.js":{"path":"D:\\myblogs\\models\\users.js","s":{"1":1,"2":1,"3":0,"4":0},"b":{},"f":{"1":0,"2":0},"fnMap":{"1":{"name":"create","line":5,"loc":{"start":{"line":5,"column":10},"end":{"line":5,"column":32}}},"2":{"name":"getUserByName","line":10,"loc":{"start":{"line":10,"column":17},"end":{"line":10,"column":46}}}},"statementMap":{"1":{"start":{"line":1,"column":1},"end":{"line":1,"column":41}},"2":{"start":{"line":3,"column":0},"end":{"line":16,"column":2}},"3":{"start":{"line":6,"column":4},"end":{"line":6,"column":36}},"4":{"start":{"line":11,"column":4},"end":{"line":14,"column":14}}},"branchMap":{}},"D:\\myblogs\\lib\\mongo.js":{"path":"D:\\myblogs\\lib\\mongo.js","s":{"1":1,"2":1,"3":1,"4":1,"5":1,"6":1,"7":1,"8":1,"9":1,"10":0,"11":0,"12":0,"13":0,"14":0,"15":0,"16":1,"17":1,"18":1,"19":1,"20":1},"b":{"1":[0,0]},"f":{"1":0,"2":0,"3":0},"fnMap":{"1":{"name":"(anonymous_1)","line":19,"loc":{"start":{"line":19,"column":13},"end":{"line":19,"column":32}}},"2":{"name":"(anonymous_2)","line":20,"loc":{"start":{"line":20,"column":20},"end":{"line":20,"column":36}}},"3":{"name":"(anonymous_3)","line":25,"loc":{"start":{"line":25,"column":16},"end":{"line":25,"column":34}}}},"statementMap":{"1":{"start":{"line":1,"column":1},"end":{"line":1,"column":48}},"2":{"start":{"line":2,"column":0},"end":{"line":2,"column":37}},"3":{"start":{"line":3,"column":0},"end":{"line":3,"column":32}},"4":{"start":{"line":4,"column":0},"end":{"line":4,"column":34}},"5":{"start":{"line":5,"column":0},"end":{"line":11,"column":3}},"6":{"start":{"line":12,"column":0},"end":{"line":12,"column":57}},"7":{"start":{"line":14,"column":0},"end":{"line":14,"column":31}},"8":{"start":{"line":15,"column":0},"end":{"line":15,"column":59}},"9":{"start":{"line":18,"column":0},"end":{"line":31,"column":3}},"10":{"start":{"line":20,"column":4},"end":{"line":22,"column":7}},"11":{"start":{"line":21,"column":6},"end":{"line":21,"column":89}},"12":{"start":{"line":23,"column":4},"end":{"line":23,"column":19}},"13":{"start":{"line":26,"column":4},"end":{"line":28,"column":5}},"14":{"start":{"line":27,"column":6},"end":{"line":27,"column":93}},"15":{"start":{"line":29,"column":4},"end":{"line":29,"column":18}},"16":{"start":{"line":32,"column":0},"end":{"line":37,"column":3}},"17":{"start":{"line":38,"column":0},"end":{"line":38,"column":50}},"18":{"start":{"line":40,"column":0},"end":{"line":44,"column":3}},"19":{"start":{"line":45,"column":0},"end":{"line":45,"column":52}},"20":{"start":{"line":46,"column":0},"end":{"line":46,"column":52}}},"branchMap":{"1":{"line":26,"type":"if","locations":[{"start":{"line":26,"column":4},"end":{"line":26,"column":4}},{"start":{"line":26,"column":4},"end":{"line":26,"column":4}}]}}},"D:\\myblogs\\middlewares\\check.js":{"path":"D:\\myblogs\\middlewares\\check.js","s":{"1":1,"2":0,"3":0,"4":0,"5":0,"6":0,"7":0,"8":0,"9":0},"b":{"1":[0,0],"2":[0,0]},"f":{"1":0,"2":0},"fnMap":{"1":{"name":"checkLogin","line":2,"loc":{"start":{"line":2,"column":14},"end":{"line":2,"column":50}}},"2":{"name":"checkNotLogin","line":10,"loc":{"start":{"line":10,"column":17},"end":{"line":10,"column":56}}}},"statementMap":{"1":{"start":{"line":1,"column":1},"end":{"line":17,"column":2}},"2":{"start":{"line":3,"column":4},"end":{"line":6,"column":5}},"3":{"start":{"line":4,"column":6},"end":{"line":4,"column":32}},"4":{"start":{"line":5,"column":6},"end":{"line":5,"column":37}},"5":{"start":{"line":7,"column":4},"end":{"line":7,"column":11}},"6":{"start":{"line":11,"column":4},"end":{"line":14,"column":5}},"7":{"start":{"line":12,"column":6},"end":{"line":12,"column":32}},"8":{"start":{"line":13,"column":6},"end":{"line":13,"column":34}},"9":{"start":{"line":15,"column":4},"end":{"line":15,"column":11}}},"branchMap":{"1":{"line":3,"type":"if","locations":[{"start":{"line":3,"column":4},"end":{"line":3,"column":4}},{"start":{"line":3,"column":4},"end":{"line":3,"column":4}}]},"2":{"line":11,"type":"if","locations":[{"start":{"line":11,"column":4},"end":{"line":11,"column":4}},{"start":{"line":11,"column":4},"end":{"line":11,"column":4}}]}}},"D:\\myblogs\\routes\\signin.js":{"path":"D:\\myblogs\\routes\\signin.js","s":{"1":1,"2":1,"3":1,"4":1,"5":1,"6":1,"7":0,"8":1,"9":0,"10":0,"11":0,"12":0,"13":0,"14":0,"15":0,"16":0,"17":0,"18":0,"19":0,"20":0,"21":0,"22":1},"b":{"1":[0,0],"2":[0,0]},"f":{"1":0,"2":0,"3":0},"fnMap":{"1":{"name":"(anonymous_1)","line":9,"loc":{"start":{"line":9,"column":31},"end":{"line":9,"column":56}}},"2":{"name":"(anonymous_2)","line":14,"loc":{"start":{"line":14,"column":32},"end":{"line":14,"column":57}}},"3":{"name":"(anonymous_3)","line":19,"loc":{"start":{"line":19,"column":10},"end":{"line":19,"column":26}}}},"statementMap":{"1":{"start":{"line":1,"column":1},"end":{"line":1,"column":28}},"2":{"start":{"line":2,"column":0},"end":{"line":2,"column":33}},"3":{"start":{"line":3,"column":0},"end":{"line":3,"column":30}},"4":{"start":{"line":5,"column":0},"end":{"line":5,"column":43}},"5":{"start":{"line":6,"column":0},"end":{"line":6,"column":66}},"6":{"start":{"line":9,"column":0},"end":{"line":11,"column":3}},"7":{"start":{"line":10,"column":2},"end":{"line":10,"column":23}},"8":{"start":{"line":14,"column":0},"end":{"line":37,"column":3}},"9":{"start":{"line":15,"column":2},"end":{"line":15,"column":29}},"10":{"start":{"line":16,"column":2},"end":{"line":16,"column":37}},"11":{"start":{"line":18,"column":2},"end":{"line":36,"column":17}},"12":{"start":{"line":20,"column":6},"end":{"line":23,"column":7}},"13":{"start":{"line":21,"column":8},"end":{"line":21,"column":36}},"14":{"start":{"line":22,"column":8},"end":{"line":22,"column":36}},"15":{"start":{"line":25,"column":6},"end":{"line":28,"column":7}},"16":{"start":{"line":26,"column":8},"end":{"line":26,"column":39}},"17":{"start":{"line":27,"column":8},"end":{"line":27,"column":36}},"18":{"start":{"line":29,"column":6},"end":{"line":29,"column":35}},"19":{"start":{"line":31,"column":6},"end":{"line":31,"column":27}},"20":{"start":{"line":32,"column":6},"end":{"line":32,"column":30}},"21":{"start":{"line":34,"column":6},"end":{"line":34,"column":29}},"22":{"start":{"line":39,"column":0},"end":{"line":39,"column":24}}},"branchMap":{"1":{"line":20,"type":"if","locations":[{"start":{"line":20,"column":6},"end":{"line":20,"column":6}},{"start":{"line":20,"column":6},"end":{"line":20,"column":6}}]},"2":{"line":25,"type":"if","locations":[{"start":{"line":25,"column":6},"end":{"line":25,"column":6}},{"start":{"line":25,"column":6},"end":{"line":25,"column":6}}]}}},"D:\\myblogs\\routes\\signout.js":{"path":"D:\\myblogs\\routes\\signout.js","s":{"1":1,"2":1,"3":1,"4":1,"5":0,"6":0,"7":0,"8":1},"b":{},"f":{"1":0},"fnMap":{"1":{"name":"(anonymous_1)","line":7,"loc":{"start":{"line":7,"column":28},"end":{"line":7,"column":53}}}},"statementMap":{"1":{"start":{"line":1,"column":1},"end":{"line":1,"column":34}},"2":{"start":{"line":2,"column":0},"end":{"line":2,"column":30}},"3":{"start":{"line":4,"column":0},"end":{"line":4,"column":60}},"4":{"start":{"line":7,"column":0},"end":{"line":13,"column":3}},"5":{"start":{"line":9,"column":2},"end":{"line":9,"column":26}},"6":{"start":{"line":10,"column":2},"end":{"line":10,"column":31}},"7":{"start":{"line":12,"column":2},"end":{"line":12,"column":25}},"8":{"start":{"line":15,"column":0},"end":{"line":15,"column":24}}},"branchMap":{}},"D:\\myblogs\\routes\\posts.js":{"path":"D:\\myblogs\\routes\\posts.js","s":{"1":1,"2":1,"3":1,"4":1,"5":1,"6":1,"7":0,"8":0,"9":0,"10":1,"11":0,"12":1,"13":0,"14":0,"15":0,"16":0,"17":0,"18":0,"19":0,"20":0,"21":0,"22":0,"23":0,"24":0,"25":0,"26":0,"27":0,"28":1,"29":0,"30":0,"31":0,"32":0,"33":0,"34":0,"35":0,"36":1,"37":0,"38":0,"39":0,"40":0,"41":0,"42":0,"43":0,"44":0,"45":1,"46":0,"47":0,"48":0,"49":0,"50":0,"51":0,"52":0,"53":1,"54":0,"55":0,"56":0,"57":0,"58":0,"59":1,"60":0,"61":0,"62":0,"63":0,"64":0,"65":0,"66":0,"67":1,"68":0,"69":0,"70":0,"71":0,"72":0,"73":1},"b":{"1":[0,0],"2":[0,0],"3":[0,0],"4":[0,0],"5":[0,0]},"f":{"1":0,"2":0,"3":0,"4":0,"5":0,"6":0,"7":0,"8":0,"9":0,"10":0,"11":0,"12":0,"13":0,"14":0,"15":0,"16":0,"17":0},"fnMap":{"1":{"name":"(anonymous_1)","line":9,"loc":{"start":{"line":9,"column":16},"end":{"line":9,"column":41}}},"2":{"name":"(anonymous_2)","line":13,"loc":{"start":{"line":13,"column":10},"end":{"line":13,"column":27}}},"3":{"name":"(anonymous_3)","line":29,"loc":{"start":{"line":29,"column":34},"end":{"line":29,"column":59}}},"4":{"name":"(anonymous_4)","line":34,"loc":{"start":{"line":34,"column":29},"end":{"line":34,"column":54}}},"5":{"name":"(anonymous_5)","line":60,"loc":{"start":{"line":60,"column":10},"end":{"line":60,"column":28}}},"6":{"name":"(anonymous_6)","line":71,"loc":{"start":{"line":71,"column":23},"end":{"line":71,"column":48}}},"7":{"name":"(anonymous_7)","line":79,"loc":{"start":{"line":79,"column":8},"end":{"line":79,"column":26}}},"8":{"name":"(anonymous_8)","line":95,"loc":{"start":{"line":95,"column":40},"end":{"line":95,"column":65}}},"9":{"name":"(anonymous_9)","line":100,"loc":{"start":{"line":100,"column":10},"end":{"line":100,"column":26}}},"10":{"name":"(anonymous_10)","line":115,"loc":{"start":{"line":115,"column":41},"end":{"line":115,"column":66}}},"11":{"name":"(anonymous_11)","line":122,"loc":{"start":{"line":122,"column":10},"end":{"line":122,"column":22}}},"12":{"name":"(anonymous_12)","line":131,"loc":{"start":{"line":131,"column":42},"end":{"line":131,"column":67}}},"13":{"name":"(anonymous_13)","line":136,"loc":{"start":{"line":136,"column":10},"end":{"line":136,"column":22}}},"14":{"name":"(anonymous_14)","line":145,"loc":{"start":{"line":145,"column":44},"end":{"line":145,"column":69}}},"15":{"name":"(anonymous_15)","line":156,"loc":{"start":{"line":156,"column":10},"end":{"line":156,"column":22}}},"16":{"name":"(anonymous_16)","line":165,"loc":{"start":{"line":165,"column":61},"end":{"line":165,"column":86}}},"17":{"name":"(anonymous_17)","line":170,"loc":{"start":{"line":170,"column":10},"end":{"line":170,"column":22}}}},"statementMap":{"1":{"start":{"line":1,"column":1},"end":{"line":1,"column":34}},"2":{"start":{"line":2,"column":0},"end":{"line":2,"column":30}},"3":{"start":{"line":3,"column":0},"end":{"line":3,"column":43}},"4":{"start":{"line":4,"column":0},"end":{"line":4,"column":49}},"5":{"start":{"line":6,"column":0},"end":{"line":6,"column":60}},"6":{"start":{"line":9,"column":0},"end":{"line":19,"column":3}},"7":{"start":{"line":10,"column":2},"end":{"line":10,"column":32}},"8":{"start":{"line":12,"column":2},"end":{"line":18,"column":17}},"9":{"start":{"line":14,"column":6},"end":{"line":16,"column":9}},"10":{"start":{"line":29,"column":0},"end":{"line":31,"column":3}},"11":{"start":{"line":30,"column":2},"end":{"line":30,"column":23}},"12":{"start":{"line":34,"column":0},"end":{"line":68,"column":3}},"13":{"start":{"line":35,"column":2},"end":{"line":35,"column":36}},"14":{"start":{"line":36,"column":2},"end":{"line":36,"column":31}},"15":{"start":{"line":37,"column":2},"end":{"line":37,"column":35}},"16":{"start":{"line":40,"column":2},"end":{"line":50,"column":3}},"17":{"start":{"line":41,"column":4},"end":{"line":43,"column":5}},"18":{"start":{"line":42,"column":6},"end":{"line":42,"column":31}},"19":{"start":{"line":44,"column":4},"end":{"line":46,"column":5}},"20":{"start":{"line":45,"column":6},"end":{"line":45,"column":31}},"21":{"start":{"line":48,"column":4},"end":{"line":48,"column":34}},"22":{"start":{"line":49,"column":4},"end":{"line":49,"column":32}},"23":{"start":{"line":52,"column":2},"end":{"line":57,"column":4}},"24":{"start":{"line":59,"column":2},"end":{"line":67,"column":17}},"25":{"start":{"line":62,"column":6},"end":{"line":62,"column":27}},"26":{"start":{"line":63,"column":6},"end":{"line":63,"column":35}},"27":{"start":{"line":65,"column":6},"end":{"line":65,"column":41}},"28":{"start":{"line":71,"column":0},"end":{"line":92,"column":3}},"29":{"start":{"line":72,"column":2},"end":{"line":72,"column":33}},"30":{"start":{"line":74,"column":2},"end":{"line":91,"column":15}},"31":{"start":{"line":80,"column":4},"end":{"line":80,"column":25}},"32":{"start":{"line":81,"column":4},"end":{"line":81,"column":29}},"33":{"start":{"line":82,"column":4},"end":{"line":84,"column":5}},"34":{"start":{"line":83,"column":6},"end":{"line":83,"column":32}},"35":{"start":{"line":86,"column":4},"end":{"line":89,"column":7}},"36":{"start":{"line":95,"column":0},"end":{"line":112,"column":3}},"37":{"start":{"line":96,"column":2},"end":{"line":96,"column":33}},"38":{"start":{"line":97,"column":2},"end":{"line":97,"column":36}},"39":{"start":{"line":99,"column":2},"end":{"line":111,"column":17}},"40":{"start":{"line":101,"column":6},"end":{"line":103,"column":7}},"41":{"start":{"line":102,"column":8},"end":{"line":102,"column":34}},"42":{"start":{"line":104,"column":6},"end":{"line":106,"column":7}},"43":{"start":{"line":105,"column":8},"end":{"line":105,"column":32}},"44":{"start":{"line":107,"column":6},"end":{"line":109,"column":9}},"45":{"start":{"line":115,"column":0},"end":{"line":128,"column":3}},"46":{"start":{"line":116,"column":2},"end":{"line":116,"column":33}},"47":{"start":{"line":117,"column":2},"end":{"line":117,"column":36}},"48":{"start":{"line":118,"column":2},"end":{"line":118,"column":31}},"49":{"start":{"line":119,"column":2},"end":{"line":119,"column":35}},"50":{"start":{"line":121,"column":2},"end":{"line":127,"column":17}},"51":{"start":{"line":123,"column":6},"end":{"line":123,"column":37}},"52":{"start":{"line":125,"column":6},"end":{"line":125,"column":39}},"53":{"start":{"line":131,"column":0},"end":{"line":142,"column":3}},"54":{"start":{"line":132,"column":2},"end":{"line":132,"column":33}},"55":{"start":{"line":133,"column":2},"end":{"line":133,"column":36}},"56":{"start":{"line":135,"column":2},"end":{"line":141,"column":17}},"57":{"start":{"line":137,"column":6},"end":{"line":137,"column":37}},"58":{"start":{"line":139,"column":6},"end":{"line":139,"column":29}},"59":{"start":{"line":145,"column":0},"end":{"line":162,"column":3}},"60":{"start":{"line":146,"column":2},"end":{"line":146,"column":36}},"61":{"start":{"line":147,"column":2},"end":{"line":147,"column":33}},"62":{"start":{"line":148,"column":2},"end":{"line":148,"column":35}},"63":{"start":{"line":149,"column":2},"end":{"line":153,"column":4}},"64":{"start":{"line":155,"column":2},"end":{"line":161,"column":17}},"65":{"start":{"line":157,"column":6},"end":{"line":157,"column":35}},"66":{"start":{"line":159,"column":6},"end":{"line":159,"column":27}},"67":{"start":{"line":165,"column":0},"end":{"line":176,"column":3}},"68":{"start":{"line":166,"column":2},"end":{"line":166,"column":39}},"69":{"start":{"line":167,"column":2},"end":{"line":167,"column":36}},"70":{"start":{"line":169,"column":2},"end":{"line":175,"column":17}},"71":{"start":{"line":171,"column":6},"end":{"line":171,"column":37}},"72":{"start":{"line":173,"column":6},"end":{"line":173,"column":27}},"73":{"start":{"line":178,"column":0},"end":{"line":178,"column":24}}},"branchMap":{"1":{"line":41,"type":"if","locations":[{"start":{"line":41,"column":4},"end":{"line":41,"column":4}},{"start":{"line":41,"column":4},"end":{"line":41,"column":4}}]},"2":{"line":44,"type":"if","locations":[{"start":{"line":44,"column":4},"end":{"line":44,"column":4}},{"start":{"line":44,"column":4},"end":{"line":44,"column":4}}]},"3":{"line":82,"type":"if","locations":[{"start":{"line":82,"column":4},"end":{"line":82,"column":4}},{"start":{"line":82,"column":4},"end":{"line":82,"column":4}}]},"4":{"line":101,"type":"if","locations":[{"start":{"line":101,"column":6},"end":{"line":101,"column":6}},{"start":{"line":101,"column":6},"end":{"line":101,"column":6}}]},"5":{"line":104,"type":"if","locations":[{"start":{"line":104,"column":6},"end":{"line":104,"column":6}},{"start":{"line":104,"column":6},"end":{"line":104,"column":6}}]}}},"D:\\myblogs\\models\\posts.js":{"path":"D:\\myblogs\\models\\posts.js","s":{"1":1,"2":1,"3":1,"4":0,"5":0,"6":0,"7":0,"8":0,"9":0,"10":1,"11":0,"12":0,"13":0,"14":0,"15":0,"16":0,"17":0,"18":0,"19":0,"20":0},"b":{"1":[0,0],"2":[0,0]},"f":{"1":0,"2":0,"3":0,"4":0,"5":0,"6":0,"7":0,"8":0,"9":0,"10":0},"fnMap":{"1":{"name":"(anonymous_1)","line":6,"loc":{"start":{"line":6,"column":13},"end":{"line":6,"column":30}}},"2":{"name":"(anonymous_2)","line":7,"loc":{"start":{"line":7,"column":21},"end":{"line":7,"column":37}}},"3":{"name":"(anonymous_3)","line":12,"loc":{"start":{"line":12,"column":16},"end":{"line":12,"column":32}}},"4":{"name":"create","line":22,"loc":{"start":{"line":22,"column":10},"end":{"line":22,"column":32}}},"5":{"name":"getPostById","line":27,"loc":{"start":{"line":27,"column":15},"end":{"line":27,"column":44}}},"6":{"name":"getRawPostById","line":37,"loc":{"start":{"line":37,"column":16},"end":{"line":37,"column":48}}},"7":{"name":"updatePostById","line":45,"loc":{"start":{"line":45,"column":16},"end":{"line":45,"column":62}}},"8":{"name":"delPostById","line":50,"loc":{"start":{"line":50,"column":13},"end":{"line":50,"column":50}}},"9":{"name":"getPosts","line":57,"loc":{"start":{"line":57,"column":12},"end":{"line":57,"column":38}}},"10":{"name":"incPv","line":72,"loc":{"start":{"line":72,"column":9},"end":{"line":72,"column":32}}}},"statementMap":{"1":{"start":{"line":1,"column":1},"end":{"line":1,"column":32}},"2":{"start":{"line":2,"column":0},"end":{"line":2,"column":40}},"3":{"start":{"line":5,"column":0},"end":{"line":18,"column":3}},"4":{"start":{"line":7,"column":4},"end":{"line":10,"column":7}},"5":{"start":{"line":8,"column":6},"end":{"line":8,"column":42}},"6":{"start":{"line":9,"column":6},"end":{"line":9,"column":18}},"7":{"start":{"line":13,"column":4},"end":{"line":15,"column":5}},"8":{"start":{"line":14,"column":6},"end":{"line":14,"column":42}},"9":{"start":{"line":16,"column":4},"end":{"line":16,"column":16}},"10":{"start":{"line":20,"column":0},"end":{"line":77,"column":2}},"11":{"start":{"line":23,"column":4},"end":{"line":23,"column":36}},"12":{"start":{"line":28,"column":4},"end":{"line":33,"column":14}},"13":{"start":{"line":38,"column":2},"end":{"line":41,"column":12}},"14":{"start":{"line":46,"column":2},"end":{"line":46,"column":77}},"15":{"start":{"line":51,"column":2},"end":{"line":51,"column":61}},"16":{"start":{"line":58,"column":4},"end":{"line":58,"column":19}},"17":{"start":{"line":59,"column":4},"end":{"line":61,"column":5}},"18":{"start":{"line":60,"column":6},"end":{"line":60,"column":28}},"19":{"start":{"line":62,"column":4},"end":{"line":68,"column":14}},"20":{"start":{"line":73,"column":4},"end":{"line":75,"column":14}}},"branchMap":{"1":{"line":13,"type":"if","locations":[{"start":{"line":13,"column":4},"end":{"line":13,"column":4}},{"start":{"line":13,"column":4},"end":{"line":13,"column":4}}]},"2":{"line":59,"type":"if","locations":[{"start":{"line":59,"column":4},"end":{"line":59,"column":4}},{"start":{"line":59,"column":4},"end":{"line":59,"column":4}}]}}},"D:\\myblogs\\models\\comments.js":{"path":"D:\\myblogs\\models\\comments.js","s":{"1":1,"2":1,"3":1,"4":0,"5":0,"6":0,"7":1,"8":0,"9":0,"10":0,"11":0,"12":0},"b":{},"f":{"1":0,"2":0,"3":0,"4":0,"5":0,"6":0,"7":0},"fnMap":{"1":{"name":"(anonymous_1)","line":6,"loc":{"start":{"line":6,"column":13},"end":{"line":6,"column":33}}},"2":{"name":"(anonymous_2)","line":7,"loc":{"start":{"line":7,"column":24},"end":{"line":7,"column":43}}},"3":{"name":"create","line":16,"loc":{"start":{"line":16,"column":10},"end":{"line":16,"column":35}}},"4":{"name":"delCommentById","line":21,"loc":{"start":{"line":21,"column":18},"end":{"line":21,"column":61}}},"5":{"name":"delCommentsByPostId","line":26,"loc":{"start":{"line":26,"column":23},"end":{"line":26,"column":60}}},"6":{"name":"getComments","line":31,"loc":{"start":{"line":31,"column":15},"end":{"line":31,"column":44}}},"7":{"name":"getCommentsCount","line":42,"loc":{"start":{"line":42,"column":20},"end":{"line":42,"column":54}}}},"statementMap":{"1":{"start":{"line":1,"column":1},"end":{"line":1,"column":32}},"2":{"start":{"line":2,"column":0},"end":{"line":2,"column":46}},"3":{"start":{"line":5,"column":0},"end":{"line":12,"column":3}},"4":{"start":{"line":7,"column":4},"end":{"line":10,"column":7}},"5":{"start":{"line":8,"column":6},"end":{"line":8,"column":48}},"6":{"start":{"line":9,"column":6},"end":{"line":9,"column":21}},"7":{"start":{"line":14,"column":0},"end":{"line":45,"column":2}},"8":{"start":{"line":17,"column":4},"end":{"line":17,"column":42}},"9":{"start":{"line":22,"column":4},"end":{"line":22,"column":69}},"10":{"start":{"line":27,"column":4},"end":{"line":27,"column":53}},"11":{"start":{"line":32,"column":4},"end":{"line":38,"column":14}},"12":{"start":{"line":43,"column":4},"end":{"line":43,"column":52}}},"branchMap":{}}}